[debug] [2020-08-03T11:36:25.242Z] ----------------------------------------------------------------------
[debug] [2020-08-03T11:36:25.247Z] Command:       C:\Program Files\nodejs\node.exe C:\Users\Abhinav\AppData\Roaming\npm\node_modules\firebase-tools\lib\bin\firebase.js deploy --only functions
[debug] [2020-08-03T11:36:25.248Z] CLI Version:   8.6.0
[debug] [2020-08-03T11:36:25.248Z] Platform:      win32
[debug] [2020-08-03T11:36:25.248Z] Node Version:  v10.15.1
[debug] [2020-08-03T11:36:25.251Z] Time:          Mon Aug 03 2020 17:06:25 GMT+0530 (India Standard Time)
[debug] [2020-08-03T11:36:25.251Z] ----------------------------------------------------------------------
[debug] [2020-08-03T11:36:25.251Z] 
[debug] [2020-08-03T11:36:25.267Z] > command requires scopes: ["email","openid","https://www.googleapis.com/auth/cloudplatformprojects.readonly","https://www.googleapis.com/auth/firebase","https://www.googleapis.com/auth/cloud-platform"]
[debug] [2020-08-03T11:36:25.267Z] > authorizing via signed-in user
[debug] [2020-08-03T11:36:25.268Z] [iam] checking project smart-bins-vitb for permissions ["cloudfunctions.functions.create","cloudfunctions.functions.delete","cloudfunctions.functions.get","cloudfunctions.functions.list","cloudfunctions.functions.update","cloudfunctions.operations.get","firebase.projects.get"]
[debug] [2020-08-03T11:36:25.274Z] >>> HTTP REQUEST POST https://cloudresourcemanager.googleapis.com/v1/projects/smart-bins-vitb:testIamPermissions  
 {"permissions":["cloudfunctions.functions.create","cloudfunctions.functions.delete","cloudfunctions.functions.get","cloudfunctions.functions.list","cloudfunctions.functions.update","cloudfunctions.operations.get","firebase.projects.get"]}
[debug] [2020-08-03T11:36:26.786Z] <<< HTTP RESPONSE 200 {"content-type":"application/json; charset=UTF-8","vary":"X-Origin, Referer, Origin,Accept-Encoding","date":"Mon, 03 Aug 2020 11:36:27 GMT","server":"ESF","cache-control":"private","x-xss-protection":"0","x-frame-options":"SAMEORIGIN","x-content-type-options":"nosniff","server-timing":"gfet4t7; dur=1205","alt-svc":"h3-29=\":443\"; ma=2592000,h3-27=\":443\"; ma=2592000,h3-T050=\":443\"; ma=2592000,h3-Q050=\":443\"; ma=2592000,h3-Q046=\":443\"; ma=2592000,h3-Q043=\":443\"; ma=2592000,quic=\":443\"; ma=2592000; v=\"46,43\"","accept-ranges":"none","transfer-encoding":"chunked"}
[debug] [2020-08-03T11:36:26.789Z] >>> HTTP REQUEST POST https://iam.googleapis.com/v1/projects/smart-bins-vitb/serviceAccounts/smart-bins-vitb@appspot.gserviceaccount.com:testIamPermissions  
 {"permissions":["iam.serviceAccounts.actAs"]}
[debug] [2020-08-03T11:36:28.443Z] <<< HTTP RESPONSE 200 {"content-type":"application/json; charset=UTF-8","vary":"X-Origin, Referer, Origin,Accept-Encoding","date":"Mon, 03 Aug 2020 11:36:28 GMT","server":"ESF","cache-control":"private","x-xss-protection":"0","x-frame-options":"SAMEORIGIN","x-content-type-options":"nosniff","alt-svc":"h3-29=\":443\"; ma=2592000,h3-27=\":443\"; ma=2592000,h3-T050=\":443\"; ma=2592000,h3-Q050=\":443\"; ma=2592000,h3-Q046=\":443\"; ma=2592000,h3-Q043=\":443\"; ma=2592000,quic=\":443\"; ma=2592000; v=\"46,43\"","accept-ranges":"none","transfer-encoding":"chunked"}
[warn] !  functions: package.json indicates an outdated version of firebase-functions.
Please upgrade using npm install --save firebase-functions@latest in your functions directory. 
[info] 
[info] === Deploying to 'smart-bins-vitb'...
[info] 
[info] i  deploying functions 
[info] Running command: npm --prefix "$RESOURCE_DIR" run build
[info] +  functions: Finished running predeploy script. 
